Números primos encontrados en el intervalo [(1, 60000)]: 172199035
Tiempo total para encontrarlos: 8.083763s
Números primos encontrados en el intervalo [(1, 60000)]: 172199035
CPU times: user 8.1 s, sys: 17 µs, total: 8.1 s
Wall time: 8.11 s
Números primos encontrados en el intervalo [(1, 60000)]: 172199035
Tiempo total para encontrarlos: 0.339777s
[5766453, 15483380, 24562880, 33560052, 41914240, 50912030]
Números primos encontrados en el intervalo [(1, 60000)]: 172199035
Tiempo total para encontrarlos: 2.563529s
Defaulting to user installation because normal site-packages is not writeable
Requirement already satisfied: boltons in /home/alumno07/.local/lib/python3.11/site-packages (23.1.1)
[5766453, 15483380, 24562880, 33560052, 41914240, 50912030]
Números primos encontrados en el intervalo [(1, 60000)]: 172199035
Tiempo total para encontrarlos: 2.533786s
[5766453, 15483380, 24562880, 33560052, 41914240, 50912030]
Números primos encontrados en el intervalo [(1, 60000)]: 172199035
Tiempo total para encontrarlos: 2.508821s
[5766453, 15483380, 24562880, 33560052, 41914240, 50912030]
Números primos encontrados en el intervalo [(1, 60000)]: 172199035
Tiempo total para encontrarlos: 0.199469s
[5766453, 15483380, 24562880, 33560052, 41914240, 50912030]
Números primos encontrados en el intervalo [(1, 60000)]: 172199035
Tiempo total para encontrarlos: 0.117073s
[5766453, 15483380, 24562880, 33560052, 41914240, 50912030]
Números primos encontrados en el intervalo [(1, 60000)]: 172199035
Tiempo total para encontrarlos: 0.115956s
Números primos encontrados en el intervalo [(1, 60000)]: 172199035
Tiempo total para encontrarlos: 8.166186s
Números primos encontrados en el intervalo [(1, 60000)]: 172199035
CPU times: user 8.18 s, sys: 0 ns, total: 8.18 s
Wall time: 8.18 s
Números primos encontrados en el intervalo [(1, 60000)]: 172199035
Tiempo total para encontrarlos: 0.346343s
[5766453, 15483380, 24562880, 33560052, 41914240, 50912030]
Números primos encontrados en el intervalo [(1, 60000)]: 172199035
Tiempo total para encontrarlos: 2.562141s
Defaulting to user installation because normal site-packages is not writeable
Requirement already satisfied: boltons in /home/alumno07/.local/lib/python3.11/site-packages (23.1.1)
[5766453, 15483380, 24562880, 33560052, 41914240, 50912030]
Números primos encontrados en el intervalo [(1, 60000)]: 172199035
Tiempo total para encontrarlos: 2.532729s
[5766453, 15483380, 24562880, 33560052, 41914240, 50912030]
Números primos encontrados en el intervalo [(1, 60000)]: 172199035
Tiempo total para encontrarlos: 2.539221s
[5766453, 15483380, 24562880, 33560052, 41914240, 50912030]
Números primos encontrados en el intervalo [(1, 60000)]: 172199035
Tiempo total para encontrarlos: 0.200679s
[5766453, 15483380, 24562880, 33560052, 41914240, 50912030]
Números primos encontrados en el intervalo [(1, 60000)]: 172199035
Tiempo total para encontrarlos: 0.116418s
[5766453, 15483380, 24562880, 33560052, 41914240, 50912030]
Números primos encontrados en el intervalo [(1, 60000)]: 172199035
Tiempo total para encontrarlos: 0.116170s
